[1.015s] Invoking command in '/home/vcs/docker_temp_ws/ROS2Attack': PYTHONPATH=/home/vcs/docker_temp_ws/build/ROS2Attack/prefix_override:/usr/lib/python3/dist-packages/colcon_core/task/python/colcon_distutils_commands:/home/vcs/docker_temp_ws/install/ROS2Attack/lib/python3.8/site-packages:${PYTHONPATH} /usr/bin/python3 -W ignore:setup.py install is deprecated -W ignore:easy_install command is deprecated setup.py egg_info --egg-base ../build/ROS2Attack build --build-base /home/vcs/docker_temp_ws/build/ROS2Attack/build install --record /home/vcs/docker_temp_ws/build/ROS2Attack/install.log --install-scripts $base/lib/ROS2Attack --single-version-externally-managed install_data
[1.252s] running egg_info
[1.252s] creating ../build/ROS2Attack/ROS2Attack.egg-info
[1.253s] writing ../build/ROS2Attack/ROS2Attack.egg-info/PKG-INFO
[1.253s] writing dependency_links to ../build/ROS2Attack/ROS2Attack.egg-info/dependency_links.txt
[1.253s] writing entry points to ../build/ROS2Attack/ROS2Attack.egg-info/entry_points.txt
[1.253s] writing requirements to ../build/ROS2Attack/ROS2Attack.egg-info/requires.txt
[1.254s] writing top-level names to ../build/ROS2Attack/ROS2Attack.egg-info/top_level.txt
[1.262s] writing manifest file '../build/ROS2Attack/ROS2Attack.egg-info/SOURCES.txt'
[1.299s] reading manifest file '../build/ROS2Attack/ROS2Attack.egg-info/SOURCES.txt'
[1.300s] writing manifest file '../build/ROS2Attack/ROS2Attack.egg-info/SOURCES.txt'
[1.300s] running build
[1.300s] running build_py
[1.301s] creating /home/vcs/docker_temp_ws/build/ROS2Attack/build
[1.301s] creating /home/vcs/docker_temp_ws/build/ROS2Attack/build/lib
[1.301s] creating /home/vcs/docker_temp_ws/build/ROS2Attack/build/lib/ROS2Attack
[1.301s] copying ROS2Attack/turtlesim_publisher.py -> /home/vcs/docker_temp_ws/build/ROS2Attack/build/lib/ROS2Attack
[1.301s] copying ROS2Attack/turtlesim_subscriber.py -> /home/vcs/docker_temp_ws/build/ROS2Attack/build/lib/ROS2Attack
[1.301s] copying ROS2Attack/__init__.py -> /home/vcs/docker_temp_ws/build/ROS2Attack/build/lib/ROS2Attack
[1.301s] running install
[1.302s] running install_lib
[1.303s] creating /home/vcs/docker_temp_ws/install/ROS2Attack/lib/python3.8/site-packages/ROS2Attack
[1.303s] copying /home/vcs/docker_temp_ws/build/ROS2Attack/build/lib/ROS2Attack/turtlesim_publisher.py -> /home/vcs/docker_temp_ws/install/ROS2Attack/lib/python3.8/site-packages/ROS2Attack
[1.303s] copying /home/vcs/docker_temp_ws/build/ROS2Attack/build/lib/ROS2Attack/turtlesim_subscriber.py -> /home/vcs/docker_temp_ws/install/ROS2Attack/lib/python3.8/site-packages/ROS2Attack
[1.303s] copying /home/vcs/docker_temp_ws/build/ROS2Attack/build/lib/ROS2Attack/__init__.py -> /home/vcs/docker_temp_ws/install/ROS2Attack/lib/python3.8/site-packages/ROS2Attack
[1.303s] byte-compiling /home/vcs/docker_temp_ws/install/ROS2Attack/lib/python3.8/site-packages/ROS2Attack/turtlesim_publisher.py to turtlesim_publisher.cpython-38.pyc
[1.304s] byte-compiling /home/vcs/docker_temp_ws/install/ROS2Attack/lib/python3.8/site-packages/ROS2Attack/turtlesim_subscriber.py to turtlesim_subscriber.cpython-38.pyc
[1.304s] byte-compiling /home/vcs/docker_temp_ws/install/ROS2Attack/lib/python3.8/site-packages/ROS2Attack/__init__.py to __init__.cpython-38.pyc
[1.305s] running install_data
[1.305s] creating /home/vcs/docker_temp_ws/install/ROS2Attack/share/ament_index
[1.305s] creating /home/vcs/docker_temp_ws/install/ROS2Attack/share/ament_index/resource_index
[1.305s] creating /home/vcs/docker_temp_ws/install/ROS2Attack/share/ament_index/resource_index/packages
[1.305s] copying resource/ROS2Attack -> /home/vcs/docker_temp_ws/install/ROS2Attack/share/ament_index/resource_index/packages
[1.305s] copying package.xml -> /home/vcs/docker_temp_ws/install/ROS2Attack/share/ROS2Attack
[1.306s] running install_egg_info
[1.307s] Copying ../build/ROS2Attack/ROS2Attack.egg-info to /home/vcs/docker_temp_ws/install/ROS2Attack/lib/python3.8/site-packages/ROS2Attack-0.0.0-py3.8.egg-info
[1.307s] running install_scripts
[1.322s] Installing turtlesim_publisher script to /home/vcs/docker_temp_ws/install/ROS2Attack/lib/ROS2Attack
[1.322s] Installing turtlesim_subscriber script to /home/vcs/docker_temp_ws/install/ROS2Attack/lib/ROS2Attack
[1.323s] writing list of installed files to '/home/vcs/docker_temp_ws/build/ROS2Attack/install.log'
[1.343s] Invoked command in '/home/vcs/docker_temp_ws/ROS2Attack' returned '0': PYTHONPATH=/home/vcs/docker_temp_ws/build/ROS2Attack/prefix_override:/usr/lib/python3/dist-packages/colcon_core/task/python/colcon_distutils_commands:/home/vcs/docker_temp_ws/install/ROS2Attack/lib/python3.8/site-packages:${PYTHONPATH} /usr/bin/python3 -W ignore:setup.py install is deprecated -W ignore:easy_install command is deprecated setup.py egg_info --egg-base ../build/ROS2Attack build --build-base /home/vcs/docker_temp_ws/build/ROS2Attack/build install --record /home/vcs/docker_temp_ws/build/ROS2Attack/install.log --install-scripts $base/lib/ROS2Attack --single-version-externally-managed install_data
