running egg_info
creating ../build/ros2_attack/ros2_attack.egg-info
writing ../build/ros2_attack/ros2_attack.egg-info/PKG-INFO
writing dependency_links to ../build/ros2_attack/ros2_attack.egg-info/dependency_links.txt
writing entry points to ../build/ros2_attack/ros2_attack.egg-info/entry_points.txt
writing requirements to ../build/ros2_attack/ros2_attack.egg-info/requires.txt
writing top-level names to ../build/ros2_attack/ros2_attack.egg-info/top_level.txt
writing manifest file '../build/ros2_attack/ros2_attack.egg-info/SOURCES.txt'
reading manifest file '../build/ros2_attack/ros2_attack.egg-info/SOURCES.txt'
writing manifest file '../build/ros2_attack/ros2_attack.egg-info/SOURCES.txt'
running build
running build_py
creating /home/vcs/docker_temp_ws/build/ros2_attack/build
creating /home/vcs/docker_temp_ws/build/ros2_attack/build/lib
creating /home/vcs/docker_temp_ws/build/ros2_attack/build/lib/ros2_attack
copying ros2_attack/turtlesim_publisher.py -> /home/vcs/docker_temp_ws/build/ros2_attack/build/lib/ros2_attack
copying ros2_attack/turtlesim_subscriber.py -> /home/vcs/docker_temp_ws/build/ros2_attack/build/lib/ros2_attack
copying ros2_attack/__init__.py -> /home/vcs/docker_temp_ws/build/ros2_attack/build/lib/ros2_attack
running install
running install_lib
creating /home/vcs/docker_temp_ws/install/ros2_attack/lib/python3.8/site-packages/ros2_attack
copying /home/vcs/docker_temp_ws/build/ros2_attack/build/lib/ros2_attack/turtlesim_publisher.py -> /home/vcs/docker_temp_ws/install/ros2_attack/lib/python3.8/site-packages/ros2_attack
copying /home/vcs/docker_temp_ws/build/ros2_attack/build/lib/ros2_attack/turtlesim_subscriber.py -> /home/vcs/docker_temp_ws/install/ros2_attack/lib/python3.8/site-packages/ros2_attack
copying /home/vcs/docker_temp_ws/build/ros2_attack/build/lib/ros2_attack/__init__.py -> /home/vcs/docker_temp_ws/install/ros2_attack/lib/python3.8/site-packages/ros2_attack
byte-compiling /home/vcs/docker_temp_ws/install/ros2_attack/lib/python3.8/site-packages/ros2_attack/turtlesim_publisher.py to turtlesim_publisher.cpython-38.pyc
byte-compiling /home/vcs/docker_temp_ws/install/ros2_attack/lib/python3.8/site-packages/ros2_attack/turtlesim_subscriber.py to turtlesim_subscriber.cpython-38.pyc
byte-compiling /home/vcs/docker_temp_ws/install/ros2_attack/lib/python3.8/site-packages/ros2_attack/__init__.py to __init__.cpython-38.pyc
running install_data
creating /home/vcs/docker_temp_ws/install/ros2_attack/share/ament_index
creating /home/vcs/docker_temp_ws/install/ros2_attack/share/ament_index/resource_index
creating /home/vcs/docker_temp_ws/install/ros2_attack/share/ament_index/resource_index/packages
copying resource/ros2_attack -> /home/vcs/docker_temp_ws/install/ros2_attack/share/ament_index/resource_index/packages
copying package.xml -> /home/vcs/docker_temp_ws/install/ros2_attack/share/ros2_attack
running install_egg_info
Copying ../build/ros2_attack/ros2_attack.egg-info to /home/vcs/docker_temp_ws/install/ros2_attack/lib/python3.8/site-packages/ros2_attack-0.0.0-py3.8.egg-info
running install_scripts
Installing turtlesim_publisher script to /home/vcs/docker_temp_ws/install/ros2_attack/lib/ros2_attack
Installing turtlesim_subscriber script to /home/vcs/docker_temp_ws/install/ros2_attack/lib/ros2_attack
writing list of installed files to '/home/vcs/docker_temp_ws/build/ros2_attack/install.log'
