[1.027s] Invoking command in '/home/vcs/docker_temp_ws/ros2_attack': PYTHONPATH=/home/vcs/docker_temp_ws/build/ros2_attack/prefix_override:/usr/lib/python3/dist-packages/colcon_core/task/python/colcon_distutils_commands:/home/vcs/docker_temp_ws/install/ros2_attack/lib/python3.8/site-packages:${PYTHONPATH} /usr/bin/python3 -W ignore:setup.py install is deprecated -W ignore:easy_install command is deprecated setup.py egg_info --egg-base ../build/ros2_attack build --build-base /home/vcs/docker_temp_ws/build/ros2_attack/build install --record /home/vcs/docker_temp_ws/build/ros2_attack/install.log --install-scripts $base/lib/ros2_attack --single-version-externally-managed install_data
[1.278s] running egg_info
[1.278s] creating ../build/ros2_attack/ros2_attack.egg-info
[1.279s] writing ../build/ros2_attack/ros2_attack.egg-info/PKG-INFO
[1.279s] writing dependency_links to ../build/ros2_attack/ros2_attack.egg-info/dependency_links.txt
[1.279s] writing entry points to ../build/ros2_attack/ros2_attack.egg-info/entry_points.txt
[1.279s] writing requirements to ../build/ros2_attack/ros2_attack.egg-info/requires.txt
[1.279s] writing top-level names to ../build/ros2_attack/ros2_attack.egg-info/top_level.txt
[1.291s] writing manifest file '../build/ros2_attack/ros2_attack.egg-info/SOURCES.txt'
[1.332s] reading manifest file '../build/ros2_attack/ros2_attack.egg-info/SOURCES.txt'
[1.333s] writing manifest file '../build/ros2_attack/ros2_attack.egg-info/SOURCES.txt'
[1.333s] running build
[1.333s] running build_py
[1.333s] creating /home/vcs/docker_temp_ws/build/ros2_attack/build
[1.334s] creating /home/vcs/docker_temp_ws/build/ros2_attack/build/lib
[1.334s] creating /home/vcs/docker_temp_ws/build/ros2_attack/build/lib/ros2_attack
[1.334s] copying ros2_attack/turtlesim_publisher.py -> /home/vcs/docker_temp_ws/build/ros2_attack/build/lib/ros2_attack
[1.334s] copying ros2_attack/turtlesim_subscriber.py -> /home/vcs/docker_temp_ws/build/ros2_attack/build/lib/ros2_attack
[1.334s] copying ros2_attack/__init__.py -> /home/vcs/docker_temp_ws/build/ros2_attack/build/lib/ros2_attack
[1.334s] running install
[1.335s] running install_lib
[1.336s] creating /home/vcs/docker_temp_ws/install/ros2_attack/lib/python3.8/site-packages/ros2_attack
[1.336s] copying /home/vcs/docker_temp_ws/build/ros2_attack/build/lib/ros2_attack/turtlesim_publisher.py -> /home/vcs/docker_temp_ws/install/ros2_attack/lib/python3.8/site-packages/ros2_attack
[1.336s] copying /home/vcs/docker_temp_ws/build/ros2_attack/build/lib/ros2_attack/turtlesim_subscriber.py -> /home/vcs/docker_temp_ws/install/ros2_attack/lib/python3.8/site-packages/ros2_attack
[1.336s] copying /home/vcs/docker_temp_ws/build/ros2_attack/build/lib/ros2_attack/__init__.py -> /home/vcs/docker_temp_ws/install/ros2_attack/lib/python3.8/site-packages/ros2_attack
[1.337s] byte-compiling /home/vcs/docker_temp_ws/install/ros2_attack/lib/python3.8/site-packages/ros2_attack/turtlesim_publisher.py to turtlesim_publisher.cpython-38.pyc
[1.338s] byte-compiling /home/vcs/docker_temp_ws/install/ros2_attack/lib/python3.8/site-packages/ros2_attack/turtlesim_subscriber.py to turtlesim_subscriber.cpython-38.pyc
[1.338s] byte-compiling /home/vcs/docker_temp_ws/install/ros2_attack/lib/python3.8/site-packages/ros2_attack/__init__.py to __init__.cpython-38.pyc
[1.338s] running install_data
[1.338s] creating /home/vcs/docker_temp_ws/install/ros2_attack/share/ament_index
[1.339s] creating /home/vcs/docker_temp_ws/install/ros2_attack/share/ament_index/resource_index
[1.339s] creating /home/vcs/docker_temp_ws/install/ros2_attack/share/ament_index/resource_index/packages
[1.339s] copying resource/ros2_attack -> /home/vcs/docker_temp_ws/install/ros2_attack/share/ament_index/resource_index/packages
[1.339s] copying package.xml -> /home/vcs/docker_temp_ws/install/ros2_attack/share/ros2_attack
[1.339s] running install_egg_info
[1.341s] Copying ../build/ros2_attack/ros2_attack.egg-info to /home/vcs/docker_temp_ws/install/ros2_attack/lib/python3.8/site-packages/ros2_attack-0.0.0-py3.8.egg-info
[1.341s] running install_scripts
[1.357s] Installing turtlesim_publisher script to /home/vcs/docker_temp_ws/install/ros2_attack/lib/ros2_attack
[1.358s] Installing turtlesim_subscriber script to /home/vcs/docker_temp_ws/install/ros2_attack/lib/ros2_attack
[1.358s] writing list of installed files to '/home/vcs/docker_temp_ws/build/ros2_attack/install.log'
[1.378s] Invoked command in '/home/vcs/docker_temp_ws/ros2_attack' returned '0': PYTHONPATH=/home/vcs/docker_temp_ws/build/ros2_attack/prefix_override:/usr/lib/python3/dist-packages/colcon_core/task/python/colcon_distutils_commands:/home/vcs/docker_temp_ws/install/ros2_attack/lib/python3.8/site-packages:${PYTHONPATH} /usr/bin/python3 -W ignore:setup.py install is deprecated -W ignore:easy_install command is deprecated setup.py egg_info --egg-base ../build/ros2_attack build --build-base /home/vcs/docker_temp_ws/build/ros2_attack/build install --record /home/vcs/docker_temp_ws/build/ros2_attack/install.log --install-scripts $base/lib/ros2_attack --single-version-externally-managed install_data
