[0.200s] DEBUG:colcon:Command line arguments: ['/usr/bin/colcon', 'build']
[0.200s] DEBUG:colcon:Parsed command line arguments: Namespace(allow_overriding=[], ament_cmake_args=None, base_paths=['.'], build_base='build', catkin_cmake_args=None, catkin_skip_building_tests=False, cmake_args=None, cmake_clean_cache=False, cmake_clean_first=False, cmake_force_configure=False, cmake_target=None, cmake_target_skip_unavailable=False, continue_on_error=False, event_handlers=None, executor='parallel', ignore_user_meta=False, install_base='install', log_base=None, log_level=None, main=<bound method BuildVerb.main of <colcon_core.verb.build.BuildVerb object at 0x7f01c42af1f0>>, merge_install=False, metas=['./colcon.meta'], mixin=None, mixin_files=None, mixin_verb=('build',), packages_above=None, packages_above_and_dependencies=None, packages_above_depth=None, packages_end=None, packages_ignore=None, packages_ignore_regex=None, packages_select=None, packages_select_build_failed=False, packages_select_by_dep=None, packages_select_regex=None, packages_select_test_failures=False, packages_skip=None, packages_skip_build_finished=False, packages_skip_by_dep=None, packages_skip_regex=None, packages_skip_test_passed=False, packages_skip_up_to=None, packages_start=None, packages_up_to=None, packages_up_to_regex=None, parallel_workers=8, paths=None, symlink_install=False, test_result_base=None, verb_extension=<colcon_core.verb.build.BuildVerb object at 0x7f01c42af1f0>, verb_name='build', verb_parser=<colcon_mixin.mixin.mixin_argument.MixinArgumentDecorator object at 0x7f01c42af640>)
[0.384s] Level 1:colcon.colcon_core.package_discovery:discover_packages(colcon_meta) check parameters
[0.384s] Level 1:colcon.colcon_core.package_discovery:discover_packages(recursive) check parameters
[0.384s] Level 1:colcon.colcon_core.package_discovery:discover_packages(ignore) check parameters
[0.384s] Level 1:colcon.colcon_core.package_discovery:discover_packages(path) check parameters
[0.384s] Level 1:colcon.colcon_core.package_discovery:discover_packages(colcon_meta) discover
[0.385s] Level 1:colcon.colcon_core.package_discovery:discover_packages(recursive) discover
[0.385s] INFO:colcon.colcon_core.package_discovery:Crawling recursively for packages in '/home/vcs/docker_temp_ws'
[0.385s] Level 1:colcon.colcon_core.package_identification:_identify(.) by extensions ['ignore', 'ignore_ament_install']
[0.385s] Level 1:colcon.colcon_core.package_identification:_identify(.) by extension 'ignore'
[0.385s] Level 1:colcon.colcon_core.package_identification:_identify(.) by extension 'ignore_ament_install'
[0.385s] Level 1:colcon.colcon_core.package_identification:_identify(.) by extensions ['colcon_pkg']
[0.385s] Level 1:colcon.colcon_core.package_identification:_identify(.) by extension 'colcon_pkg'
[0.385s] Level 1:colcon.colcon_core.package_identification:_identify(.) by extensions ['colcon_meta']
[0.385s] Level 1:colcon.colcon_core.package_identification:_identify(.) by extension 'colcon_meta'
[0.385s] Level 1:colcon.colcon_core.package_identification:_identify(.) by extensions ['ros']
[0.385s] Level 1:colcon.colcon_core.package_identification:_identify(.) by extension 'ros'
[0.394s] Level 1:colcon.colcon_core.package_identification:_identify(.) by extensions ['cmake', 'python']
[0.394s] Level 1:colcon.colcon_core.package_identification:_identify(.) by extension 'cmake'
[0.394s] Level 1:colcon.colcon_core.package_identification:_identify(.) by extension 'python'
[0.394s] Level 1:colcon.colcon_core.package_identification:_identify(.) by extensions ['python_setup_py']
[0.394s] Level 1:colcon.colcon_core.package_identification:_identify(.) by extension 'python_setup_py'
[0.394s] Level 1:colcon.colcon_core.package_identification:_identify(build) by extensions ['ignore', 'ignore_ament_install']
[0.394s] Level 1:colcon.colcon_core.package_identification:_identify(build) by extension 'ignore'
[0.394s] Level 1:colcon.colcon_core.package_identification:_identify(build) ignored
[0.394s] Level 1:colcon.colcon_core.package_identification:_identify(install) by extensions ['ignore', 'ignore_ament_install']
[0.394s] Level 1:colcon.colcon_core.package_identification:_identify(install) by extension 'ignore'
[0.394s] Level 1:colcon.colcon_core.package_identification:_identify(install) ignored
[0.394s] Level 1:colcon.colcon_core.package_identification:_identify(log) by extensions ['ignore', 'ignore_ament_install']
[0.395s] Level 1:colcon.colcon_core.package_identification:_identify(log) by extension 'ignore'
[0.395s] Level 1:colcon.colcon_core.package_identification:_identify(log) ignored
[0.395s] Level 1:colcon.colcon_core.package_identification:_identify(ros2_attack) by extensions ['ignore', 'ignore_ament_install']
[0.395s] Level 1:colcon.colcon_core.package_identification:_identify(ros2_attack) by extension 'ignore'
[0.395s] Level 1:colcon.colcon_core.package_identification:_identify(ros2_attack) by extension 'ignore_ament_install'
[0.395s] Level 1:colcon.colcon_core.package_identification:_identify(ros2_attack) by extensions ['colcon_pkg']
[0.395s] Level 1:colcon.colcon_core.package_identification:_identify(ros2_attack) by extension 'colcon_pkg'
[0.395s] Level 1:colcon.colcon_core.package_identification:_identify(ros2_attack) by extensions ['colcon_meta']
[0.395s] Level 1:colcon.colcon_core.package_identification:_identify(ros2_attack) by extension 'colcon_meta'
[0.395s] Level 1:colcon.colcon_core.package_identification:_identify(ros2_attack) by extensions ['ros']
[0.395s] Level 1:colcon.colcon_core.package_identification:_identify(ros2_attack) by extension 'ros'
[0.397s] DEBUG:colcon.colcon_core.package_identification:Package 'ros2_attack' with type 'ros.ament_python' and name 'ros2_attack'
[0.397s] Level 1:colcon.colcon_core.package_discovery:discover_packages(recursive) using defaults
[0.397s] Level 1:colcon.colcon_core.package_discovery:discover_packages(ignore) discover
[0.397s] Level 1:colcon.colcon_core.package_discovery:discover_packages(ignore) using defaults
[0.397s] Level 1:colcon.colcon_core.package_discovery:discover_packages(path) discover
[0.397s] Level 1:colcon.colcon_core.package_discovery:discover_packages(path) using defaults
[0.414s] Level 1:colcon.colcon_core.package_discovery:discover_packages(prefix_path) check parameters
[0.414s] Level 1:colcon.colcon_core.package_discovery:discover_packages(prefix_path) discover
[0.416s] DEBUG:colcon.colcon_installed_package_information.package_discovery:Found 15 installed packages in /home/vcs/turtlebot3_ws/install
[0.417s] DEBUG:colcon.colcon_installed_package_information.package_discovery:Found 1 installed packages in /home/vcs/ros2_exploit_ws/install
[0.418s] DEBUG:colcon.colcon_installed_package_information.package_discovery:Found 328 installed packages in /opt/ros/foxy
[0.419s] Level 1:colcon.colcon_core.package_discovery:discover_packages(prefix_path) using defaults
[0.477s] Level 5:colcon.colcon_core.verb:set package 'ros2_attack' build argument 'cmake_args' from command line to 'None'
[0.477s] Level 5:colcon.colcon_core.verb:set package 'ros2_attack' build argument 'cmake_target' from command line to 'None'
[0.477s] Level 5:colcon.colcon_core.verb:set package 'ros2_attack' build argument 'cmake_target_skip_unavailable' from command line to 'False'
[0.477s] Level 5:colcon.colcon_core.verb:set package 'ros2_attack' build argument 'cmake_clean_cache' from command line to 'False'
[0.477s] Level 5:colcon.colcon_core.verb:set package 'ros2_attack' build argument 'cmake_clean_first' from command line to 'False'
[0.477s] Level 5:colcon.colcon_core.verb:set package 'ros2_attack' build argument 'cmake_force_configure' from command line to 'False'
[0.477s] Level 5:colcon.colcon_core.verb:set package 'ros2_attack' build argument 'ament_cmake_args' from command line to 'None'
[0.477s] Level 5:colcon.colcon_core.verb:set package 'ros2_attack' build argument 'catkin_cmake_args' from command line to 'None'
[0.477s] Level 5:colcon.colcon_core.verb:set package 'ros2_attack' build argument 'catkin_skip_building_tests' from command line to 'False'
[0.477s] DEBUG:colcon.colcon_core.verb:Building package 'ros2_attack' with the following arguments: {'ament_cmake_args': None, 'build_base': '/home/vcs/docker_temp_ws/build/ros2_attack', 'catkin_cmake_args': None, 'catkin_skip_building_tests': False, 'cmake_args': None, 'cmake_clean_cache': False, 'cmake_clean_first': False, 'cmake_force_configure': False, 'cmake_target': None, 'cmake_target_skip_unavailable': False, 'install_base': '/home/vcs/docker_temp_ws/install/ros2_attack', 'merge_install': False, 'path': '/home/vcs/docker_temp_ws/ros2_attack', 'symlink_install': False, 'test_result_base': None}
[0.477s] INFO:colcon.colcon_core.executor:Executing jobs using 'parallel' executor
[0.478s] DEBUG:colcon.colcon_parallel_executor.executor.parallel:run_until_complete
[0.479s] INFO:colcon.colcon_ros.task.ament_python.build:Building ROS package in '/home/vcs/docker_temp_ws/ros2_attack' with build type 'ament_python'
[0.479s] Level 1:colcon.colcon_core.shell:create_environment_hook('ros2_attack', 'ament_prefix_path')
[0.481s] INFO:colcon.colcon_core.plugin_system:Skipping extension 'colcon_core.shell.bat': Not used on non-Windows systems
[0.481s] INFO:colcon.colcon_core.shell:Creating environment hook '/home/vcs/docker_temp_ws/install/ros2_attack/share/ros2_attack/hook/ament_prefix_path.ps1'
[0.481s] INFO:colcon.colcon_core.shell:Creating environment descriptor '/home/vcs/docker_temp_ws/install/ros2_attack/share/ros2_attack/hook/ament_prefix_path.dsv'
[0.482s] INFO:colcon.colcon_core.shell:Creating environment hook '/home/vcs/docker_temp_ws/install/ros2_attack/share/ros2_attack/hook/ament_prefix_path.sh'
[0.483s] INFO:colcon.colcon_core.shell:Skip shell extension 'powershell' for command environment: Not usable outside of PowerShell
[0.483s] DEBUG:colcon.colcon_core.shell:Skip shell extension 'dsv' for command environment
[0.741s] INFO:colcon.colcon_core.task.python.build:Building Python package in '/home/vcs/docker_temp_ws/ros2_attack'
[0.741s] INFO:colcon.colcon_core.shell:Skip shell extension 'powershell' for command environment: Not usable outside of PowerShell
[0.741s] DEBUG:colcon.colcon_core.shell:Skip shell extension 'dsv' for command environment
[1.276s] DEBUG:colcon.colcon_core.event_handler.log_command:Invoking command in '/home/vcs/docker_temp_ws/ros2_attack': PYTHONPATH=/home/vcs/docker_temp_ws/build/ros2_attack/prefix_override:/usr/lib/python3/dist-packages/colcon_core/task/python/colcon_distutils_commands:/home/vcs/docker_temp_ws/install/ros2_attack/lib/python3.8/site-packages:${PYTHONPATH} /usr/bin/python3 -W ignore:setup.py install is deprecated -W ignore:easy_install command is deprecated setup.py egg_info --egg-base ../build/ros2_attack build --build-base /home/vcs/docker_temp_ws/build/ros2_attack/build install --record /home/vcs/docker_temp_ws/build/ros2_attack/install.log --install-scripts $base/lib/ros2_attack --single-version-externally-managed install_data
[1.597s] DEBUG:colcon.colcon_core.event_handler.log_command:Invoked command in '/home/vcs/docker_temp_ws/ros2_attack' returned '0': PYTHONPATH=/home/vcs/docker_temp_ws/build/ros2_attack/prefix_override:/usr/lib/python3/dist-packages/colcon_core/task/python/colcon_distutils_commands:/home/vcs/docker_temp_ws/install/ros2_attack/lib/python3.8/site-packages:${PYTHONPATH} /usr/bin/python3 -W ignore:setup.py install is deprecated -W ignore:easy_install command is deprecated setup.py egg_info --egg-base ../build/ros2_attack build --build-base /home/vcs/docker_temp_ws/build/ros2_attack/build install --record /home/vcs/docker_temp_ws/build/ros2_attack/install.log --install-scripts $base/lib/ros2_attack --single-version-externally-managed install_data
[1.600s] Level 1:colcon.colcon_core.environment:checking '/home/vcs/docker_temp_ws/install/ros2_attack' for CMake module files
[1.600s] Level 1:colcon.colcon_core.environment:checking '/home/vcs/docker_temp_ws/install/ros2_attack' for CMake config files
[1.601s] Level 1:colcon.colcon_core.environment:checking '/home/vcs/docker_temp_ws/install/ros2_attack/lib'
[1.601s] Level 1:colcon.colcon_core.environment:checking '/home/vcs/docker_temp_ws/install/ros2_attack/bin'
[1.601s] Level 1:colcon.colcon_core.environment:checking '/home/vcs/docker_temp_ws/install/ros2_attack/lib/pkgconfig/ros2_attack.pc'
[1.601s] Level 1:colcon.colcon_core.environment:checking '/home/vcs/docker_temp_ws/install/ros2_attack/lib/python3.8/site-packages'
[1.601s] Level 1:colcon.colcon_core.shell:create_environment_hook('ros2_attack', 'pythonpath')
[1.602s] INFO:colcon.colcon_core.shell:Creating environment hook '/home/vcs/docker_temp_ws/install/ros2_attack/share/ros2_attack/hook/pythonpath.ps1'
[1.602s] INFO:colcon.colcon_core.shell:Creating environment descriptor '/home/vcs/docker_temp_ws/install/ros2_attack/share/ros2_attack/hook/pythonpath.dsv'
[1.603s] INFO:colcon.colcon_core.shell:Creating environment hook '/home/vcs/docker_temp_ws/install/ros2_attack/share/ros2_attack/hook/pythonpath.sh'
[1.603s] Level 1:colcon.colcon_core.environment:checking '/home/vcs/docker_temp_ws/install/ros2_attack/bin'
[1.603s] Level 1:colcon.colcon_core.environment:create_environment_scripts_only(ros2_attack)
[1.603s] INFO:colcon.colcon_core.shell:Creating package script '/home/vcs/docker_temp_ws/install/ros2_attack/share/ros2_attack/package.ps1'
[1.604s] INFO:colcon.colcon_core.shell:Creating package descriptor '/home/vcs/docker_temp_ws/install/ros2_attack/share/ros2_attack/package.dsv'
[1.605s] INFO:colcon.colcon_core.shell:Creating package script '/home/vcs/docker_temp_ws/install/ros2_attack/share/ros2_attack/package.sh'
[1.606s] INFO:colcon.colcon_core.shell:Creating package script '/home/vcs/docker_temp_ws/install/ros2_attack/share/ros2_attack/package.bash'
[1.606s] INFO:colcon.colcon_core.shell:Creating package script '/home/vcs/docker_temp_ws/install/ros2_attack/share/ros2_attack/package.zsh'
[1.607s] Level 1:colcon.colcon_core.environment:create_file_with_runtime_dependencies(/home/vcs/docker_temp_ws/install/ros2_attack/share/colcon-core/packages/ros2_attack)
[1.607s] DEBUG:colcon.colcon_parallel_executor.executor.parallel:closing loop
[1.608s] DEBUG:colcon.colcon_parallel_executor.executor.parallel:loop closed
[1.608s] DEBUG:colcon.colcon_parallel_executor.executor.parallel:run_until_complete finished with '0'
[1.608s] DEBUG:colcon.colcon_core.event_reactor:joining thread
[1.613s] INFO:colcon.colcon_core.plugin_system:Skipping extension 'colcon_notification.desktop_notification.terminal_notifier': Not used on non-Darwin systems
[1.614s] INFO:colcon.colcon_core.plugin_system:Skipping extension 'colcon_notification.desktop_notification.win32': Not used on non-Windows systems
[1.614s] INFO:colcon.colcon_notification.desktop_notification:Sending desktop notification using 'notify2'
[1.628s] DEBUG:colcon.colcon_core.event_reactor:joined thread
[1.628s] INFO:colcon.colcon_core.shell:Creating prefix script '/home/vcs/docker_temp_ws/install/local_setup.ps1'
[1.629s] INFO:colcon.colcon_core.shell:Creating prefix util module '/home/vcs/docker_temp_ws/install/_local_setup_util_ps1.py'
[1.631s] INFO:colcon.colcon_core.shell:Creating prefix chain script '/home/vcs/docker_temp_ws/install/setup.ps1'
[1.632s] INFO:colcon.colcon_core.shell:Creating prefix script '/home/vcs/docker_temp_ws/install/local_setup.sh'
[1.633s] INFO:colcon.colcon_core.shell:Creating prefix util module '/home/vcs/docker_temp_ws/install/_local_setup_util_sh.py'
[1.633s] INFO:colcon.colcon_core.shell:Creating prefix chain script '/home/vcs/docker_temp_ws/install/setup.sh'
[1.635s] INFO:colcon.colcon_core.shell:Creating prefix script '/home/vcs/docker_temp_ws/install/local_setup.bash'
[1.635s] INFO:colcon.colcon_core.shell:Creating prefix chain script '/home/vcs/docker_temp_ws/install/setup.bash'
[1.637s] INFO:colcon.colcon_core.shell:Creating prefix script '/home/vcs/docker_temp_ws/install/local_setup.zsh'
[1.638s] INFO:colcon.colcon_core.shell:Creating prefix chain script '/home/vcs/docker_temp_ws/install/setup.zsh'
