[0.797s] Invoking command in '/home/vcs/docker_temp_ws/ros2_attack': PYTHONPATH=/home/vcs/docker_temp_ws/build/ros2_attack/prefix_override:/usr/lib/python3/dist-packages/colcon_core/task/python/colcon_distutils_commands:/home/vcs/docker_temp_ws/install/ros2_attack/lib/python3.8/site-packages:${PYTHONPATH} /usr/bin/python3 -W ignore:setup.py install is deprecated -W ignore:easy_install command is deprecated setup.py egg_info --egg-base ../build/ros2_attack build --build-base /home/vcs/docker_temp_ws/build/ros2_attack/build install --record /home/vcs/docker_temp_ws/build/ros2_attack/install.log --install-scripts $base/lib/ros2_attack --single-version-externally-managed install_data
[1.045s] running egg_info
[1.046s] writing ../build/ros2_attack/ros2_attack.egg-info/PKG-INFO
[1.046s] writing dependency_links to ../build/ros2_attack/ros2_attack.egg-info/dependency_links.txt
[1.047s] writing entry points to ../build/ros2_attack/ros2_attack.egg-info/entry_points.txt
[1.047s] writing requirements to ../build/ros2_attack/ros2_attack.egg-info/requires.txt
[1.047s] writing top-level names to ../build/ros2_attack/ros2_attack.egg-info/top_level.txt
[1.075s] reading manifest file '../build/ros2_attack/ros2_attack.egg-info/SOURCES.txt'
[1.076s] writing manifest file '../build/ros2_attack/ros2_attack.egg-info/SOURCES.txt'
[1.077s] running build
[1.077s] running build_py
[1.077s] copying ros2_attack/turtlesim_publisher.py -> /home/vcs/docker_temp_ws/build/ros2_attack/build/lib/ros2_attack
[1.077s] running install
[1.078s] running install_lib
[1.079s] copying /home/vcs/docker_temp_ws/build/ros2_attack/build/lib/ros2_attack/turtlesim_publisher.py -> /home/vcs/docker_temp_ws/install/ros2_attack/lib/python3.8/site-packages/ros2_attack
[1.080s] byte-compiling /home/vcs/docker_temp_ws/install/ros2_attack/lib/python3.8/site-packages/ros2_attack/turtlesim_publisher.py to turtlesim_publisher.cpython-38.pyc
[1.081s] running install_data
[1.081s] running install_egg_info
[1.083s] removing '/home/vcs/docker_temp_ws/install/ros2_attack/lib/python3.8/site-packages/ros2_attack-0.0.0-py3.8.egg-info' (and everything under it)
[1.083s] Copying ../build/ros2_attack/ros2_attack.egg-info to /home/vcs/docker_temp_ws/install/ros2_attack/lib/python3.8/site-packages/ros2_attack-0.0.0-py3.8.egg-info
[1.084s] running install_scripts
[1.098s] Installing turtlesim_publisher script to /home/vcs/docker_temp_ws/install/ros2_attack/lib/ros2_attack
[1.099s] Installing turtlesim_subscriber script to /home/vcs/docker_temp_ws/install/ros2_attack/lib/ros2_attack
[1.099s] writing list of installed files to '/home/vcs/docker_temp_ws/build/ros2_attack/install.log'
[1.118s] Invoked command in '/home/vcs/docker_temp_ws/ros2_attack' returned '0': PYTHONPATH=/home/vcs/docker_temp_ws/build/ros2_attack/prefix_override:/usr/lib/python3/dist-packages/colcon_core/task/python/colcon_distutils_commands:/home/vcs/docker_temp_ws/install/ros2_attack/lib/python3.8/site-packages:${PYTHONPATH} /usr/bin/python3 -W ignore:setup.py install is deprecated -W ignore:easy_install command is deprecated setup.py egg_info --egg-base ../build/ros2_attack build --build-base /home/vcs/docker_temp_ws/build/ros2_attack/build install --record /home/vcs/docker_temp_ws/build/ros2_attack/install.log --install-scripts $base/lib/ros2_attack --single-version-externally-managed install_data
