[0.276s] DEBUG:colcon:Command line arguments: ['/usr/bin/colcon', 'build']
[0.276s] DEBUG:colcon:Parsed command line arguments: Namespace(allow_overriding=[], ament_cmake_args=None, base_paths=['.'], build_base='build', catkin_cmake_args=None, catkin_skip_building_tests=False, cmake_args=None, cmake_clean_cache=False, cmake_clean_first=False, cmake_force_configure=False, cmake_target=None, cmake_target_skip_unavailable=False, continue_on_error=False, event_handlers=None, executor='parallel', ignore_user_meta=False, install_base='install', log_base=None, log_level=None, main=<bound method BuildVerb.main of <colcon_core.verb.build.BuildVerb object at 0x7f4cabdde250>>, merge_install=False, metas=['./colcon.meta'], mixin=None, mixin_files=None, mixin_verb=('build',), packages_above=None, packages_above_and_dependencies=None, packages_above_depth=None, packages_end=None, packages_ignore=None, packages_ignore_regex=None, packages_select=None, packages_select_build_failed=False, packages_select_by_dep=None, packages_select_regex=None, packages_select_test_failures=False, packages_skip=None, packages_skip_build_finished=False, packages_skip_by_dep=None, packages_skip_regex=None, packages_skip_test_passed=False, packages_skip_up_to=None, packages_start=None, packages_up_to=None, packages_up_to_regex=None, parallel_workers=8, paths=None, symlink_install=False, test_result_base=None, verb_extension=<colcon_core.verb.build.BuildVerb object at 0x7f4cabdde250>, verb_name='build', verb_parser=<colcon_mixin.mixin.mixin_argument.MixinArgumentDecorator object at 0x7f4cabdde6a0>)
[0.524s] Level 1:colcon.colcon_core.package_discovery:discover_packages(colcon_meta) check parameters
[0.524s] Level 1:colcon.colcon_core.package_discovery:discover_packages(recursive) check parameters
[0.524s] Level 1:colcon.colcon_core.package_discovery:discover_packages(ignore) check parameters
[0.524s] Level 1:colcon.colcon_core.package_discovery:discover_packages(path) check parameters
[0.524s] Level 1:colcon.colcon_core.package_discovery:discover_packages(colcon_meta) discover
[0.524s] Level 1:colcon.colcon_core.package_discovery:discover_packages(recursive) discover
[0.524s] INFO:colcon.colcon_core.package_discovery:Crawling recursively for packages in '/home/vcs/docker_temp_ws'
[0.524s] Level 1:colcon.colcon_core.package_identification:_identify(.) by extensions ['ignore', 'ignore_ament_install']
[0.525s] Level 1:colcon.colcon_core.package_identification:_identify(.) by extension 'ignore'
[0.525s] Level 1:colcon.colcon_core.package_identification:_identify(.) by extension 'ignore_ament_install'
[0.525s] Level 1:colcon.colcon_core.package_identification:_identify(.) by extensions ['colcon_pkg']
[0.525s] Level 1:colcon.colcon_core.package_identification:_identify(.) by extension 'colcon_pkg'
[0.525s] Level 1:colcon.colcon_core.package_identification:_identify(.) by extensions ['colcon_meta']
[0.525s] Level 1:colcon.colcon_core.package_identification:_identify(.) by extension 'colcon_meta'
[0.525s] Level 1:colcon.colcon_core.package_identification:_identify(.) by extensions ['ros']
[0.525s] Level 1:colcon.colcon_core.package_identification:_identify(.) by extension 'ros'
[0.535s] Level 1:colcon.colcon_core.package_identification:_identify(.) by extensions ['cmake', 'python']
[0.535s] Level 1:colcon.colcon_core.package_identification:_identify(.) by extension 'cmake'
[0.535s] Level 1:colcon.colcon_core.package_identification:_identify(.) by extension 'python'
[0.535s] Level 1:colcon.colcon_core.package_identification:_identify(.) by extensions ['python_setup_py']
[0.535s] Level 1:colcon.colcon_core.package_identification:_identify(.) by extension 'python_setup_py'
[0.535s] Level 1:colcon.colcon_core.package_identification:_identify(ROS2Attack) by extensions ['ignore', 'ignore_ament_install']
[0.535s] Level 1:colcon.colcon_core.package_identification:_identify(ROS2Attack) by extension 'ignore'
[0.535s] Level 1:colcon.colcon_core.package_identification:_identify(ROS2Attack) by extension 'ignore_ament_install'
[0.535s] Level 1:colcon.colcon_core.package_identification:_identify(ROS2Attack) by extensions ['colcon_pkg']
[0.535s] Level 1:colcon.colcon_core.package_identification:_identify(ROS2Attack) by extension 'colcon_pkg'
[0.535s] Level 1:colcon.colcon_core.package_identification:_identify(ROS2Attack) by extensions ['colcon_meta']
[0.535s] Level 1:colcon.colcon_core.package_identification:_identify(ROS2Attack) by extension 'colcon_meta'
[0.535s] Level 1:colcon.colcon_core.package_identification:_identify(ROS2Attack) by extensions ['ros']
[0.535s] Level 1:colcon.colcon_core.package_identification:_identify(ROS2Attack) by extension 'ros'
[0.538s] DEBUG:colcon.colcon_core.package_identification:Package 'ROS2Attack' with type 'ros.ament_python' and name 'ROS2Attack'
[0.539s] Level 1:colcon.colcon_core.package_identification:_identify(build) by extensions ['ignore', 'ignore_ament_install']
[0.539s] Level 1:colcon.colcon_core.package_identification:_identify(build) by extension 'ignore'
[0.539s] Level 1:colcon.colcon_core.package_identification:_identify(build) ignored
[0.539s] Level 1:colcon.colcon_core.package_identification:_identify(install) by extensions ['ignore', 'ignore_ament_install']
[0.539s] Level 1:colcon.colcon_core.package_identification:_identify(install) by extension 'ignore'
[0.539s] Level 1:colcon.colcon_core.package_identification:_identify(install) ignored
[0.539s] Level 1:colcon.colcon_core.package_identification:_identify(log) by extensions ['ignore', 'ignore_ament_install']
[0.539s] Level 1:colcon.colcon_core.package_identification:_identify(log) by extension 'ignore'
[0.539s] Level 1:colcon.colcon_core.package_identification:_identify(log) ignored
[0.539s] Level 1:colcon.colcon_core.package_discovery:discover_packages(recursive) using defaults
[0.539s] Level 1:colcon.colcon_core.package_discovery:discover_packages(ignore) discover
[0.539s] Level 1:colcon.colcon_core.package_discovery:discover_packages(ignore) using defaults
[0.539s] Level 1:colcon.colcon_core.package_discovery:discover_packages(path) discover
[0.539s] Level 1:colcon.colcon_core.package_discovery:discover_packages(path) using defaults
[0.567s] Level 1:colcon.colcon_core.package_discovery:discover_packages(prefix_path) check parameters
[0.567s] Level 1:colcon.colcon_core.package_discovery:discover_packages(prefix_path) discover
[0.572s] DEBUG:colcon.colcon_installed_package_information.package_discovery:Found 15 installed packages in /home/vcs/turtlebot3_ws/install
[0.572s] DEBUG:colcon.colcon_installed_package_information.package_discovery:Found 1 installed packages in /home/vcs/ros2_exploit_ws/install
[0.574s] DEBUG:colcon.colcon_installed_package_information.package_discovery:Found 328 installed packages in /opt/ros/foxy
[0.575s] Level 1:colcon.colcon_core.package_discovery:discover_packages(prefix_path) using defaults
[0.675s] Level 5:colcon.colcon_core.verb:set package 'ROS2Attack' build argument 'cmake_args' from command line to 'None'
[0.675s] Level 5:colcon.colcon_core.verb:set package 'ROS2Attack' build argument 'cmake_target' from command line to 'None'
[0.675s] Level 5:colcon.colcon_core.verb:set package 'ROS2Attack' build argument 'cmake_target_skip_unavailable' from command line to 'False'
[0.675s] Level 5:colcon.colcon_core.verb:set package 'ROS2Attack' build argument 'cmake_clean_cache' from command line to 'False'
[0.675s] Level 5:colcon.colcon_core.verb:set package 'ROS2Attack' build argument 'cmake_clean_first' from command line to 'False'
[0.675s] Level 5:colcon.colcon_core.verb:set package 'ROS2Attack' build argument 'cmake_force_configure' from command line to 'False'
[0.675s] Level 5:colcon.colcon_core.verb:set package 'ROS2Attack' build argument 'ament_cmake_args' from command line to 'None'
[0.675s] Level 5:colcon.colcon_core.verb:set package 'ROS2Attack' build argument 'catkin_cmake_args' from command line to 'None'
[0.675s] Level 5:colcon.colcon_core.verb:set package 'ROS2Attack' build argument 'catkin_skip_building_tests' from command line to 'False'
[0.675s] DEBUG:colcon.colcon_core.verb:Building package 'ROS2Attack' with the following arguments: {'ament_cmake_args': None, 'build_base': '/home/vcs/docker_temp_ws/build/ROS2Attack', 'catkin_cmake_args': None, 'catkin_skip_building_tests': False, 'cmake_args': None, 'cmake_clean_cache': False, 'cmake_clean_first': False, 'cmake_force_configure': False, 'cmake_target': None, 'cmake_target_skip_unavailable': False, 'install_base': '/home/vcs/docker_temp_ws/install/ROS2Attack', 'merge_install': False, 'path': '/home/vcs/docker_temp_ws/ROS2Attack', 'symlink_install': False, 'test_result_base': None}
[0.675s] INFO:colcon.colcon_core.executor:Executing jobs using 'parallel' executor
[0.676s] DEBUG:colcon.colcon_parallel_executor.executor.parallel:run_until_complete
[0.676s] INFO:colcon.colcon_ros.task.ament_python.build:Building ROS package in '/home/vcs/docker_temp_ws/ROS2Attack' with build type 'ament_python'
[0.677s] Level 1:colcon.colcon_core.shell:create_environment_hook('ROS2Attack', 'ament_prefix_path')
[0.681s] INFO:colcon.colcon_core.plugin_system:Skipping extension 'colcon_core.shell.bat': Not used on non-Windows systems
[0.681s] INFO:colcon.colcon_core.shell:Creating environment hook '/home/vcs/docker_temp_ws/install/ROS2Attack/share/ROS2Attack/hook/ament_prefix_path.ps1'
[0.682s] INFO:colcon.colcon_core.shell:Creating environment descriptor '/home/vcs/docker_temp_ws/install/ROS2Attack/share/ROS2Attack/hook/ament_prefix_path.dsv'
[0.682s] INFO:colcon.colcon_core.shell:Creating environment hook '/home/vcs/docker_temp_ws/install/ROS2Attack/share/ROS2Attack/hook/ament_prefix_path.sh'
[0.683s] INFO:colcon.colcon_core.shell:Skip shell extension 'powershell' for command environment: Not usable outside of PowerShell
[0.683s] DEBUG:colcon.colcon_core.shell:Skip shell extension 'dsv' for command environment
[0.955s] INFO:colcon.colcon_core.task.python.build:Building Python package in '/home/vcs/docker_temp_ws/ROS2Attack'
[0.956s] INFO:colcon.colcon_core.shell:Skip shell extension 'powershell' for command environment: Not usable outside of PowerShell
[0.956s] DEBUG:colcon.colcon_core.shell:Skip shell extension 'dsv' for command environment
[1.693s] DEBUG:colcon.colcon_core.event_handler.log_command:Invoking command in '/home/vcs/docker_temp_ws/ROS2Attack': PYTHONPATH=/home/vcs/docker_temp_ws/build/ROS2Attack/prefix_override:/usr/lib/python3/dist-packages/colcon_core/task/python/colcon_distutils_commands:/home/vcs/docker_temp_ws/install/ROS2Attack/lib/python3.8/site-packages:${PYTHONPATH} /usr/bin/python3 -W ignore:setup.py install is deprecated -W ignore:easy_install command is deprecated setup.py egg_info --egg-base ../build/ROS2Attack build --build-base /home/vcs/docker_temp_ws/build/ROS2Attack/build install --record /home/vcs/docker_temp_ws/build/ROS2Attack/install.log --install-scripts $base/lib/ROS2Attack --single-version-externally-managed install_data
[2.020s] DEBUG:colcon.colcon_core.event_handler.log_command:Invoked command in '/home/vcs/docker_temp_ws/ROS2Attack' returned '0': PYTHONPATH=/home/vcs/docker_temp_ws/build/ROS2Attack/prefix_override:/usr/lib/python3/dist-packages/colcon_core/task/python/colcon_distutils_commands:/home/vcs/docker_temp_ws/install/ROS2Attack/lib/python3.8/site-packages:${PYTHONPATH} /usr/bin/python3 -W ignore:setup.py install is deprecated -W ignore:easy_install command is deprecated setup.py egg_info --egg-base ../build/ROS2Attack build --build-base /home/vcs/docker_temp_ws/build/ROS2Attack/build install --record /home/vcs/docker_temp_ws/build/ROS2Attack/install.log --install-scripts $base/lib/ROS2Attack --single-version-externally-managed install_data
[2.025s] Level 1:colcon.colcon_core.environment:checking '/home/vcs/docker_temp_ws/install/ROS2Attack' for CMake module files
[2.025s] Level 1:colcon.colcon_core.environment:checking '/home/vcs/docker_temp_ws/install/ROS2Attack' for CMake config files
[2.026s] Level 1:colcon.colcon_core.environment:checking '/home/vcs/docker_temp_ws/install/ROS2Attack/lib'
[2.026s] Level 1:colcon.colcon_core.environment:checking '/home/vcs/docker_temp_ws/install/ROS2Attack/bin'
[2.026s] Level 1:colcon.colcon_core.environment:checking '/home/vcs/docker_temp_ws/install/ROS2Attack/lib/pkgconfig/ROS2Attack.pc'
[2.026s] Level 1:colcon.colcon_core.environment:checking '/home/vcs/docker_temp_ws/install/ROS2Attack/lib/python3.8/site-packages'
[2.026s] Level 1:colcon.colcon_core.shell:create_environment_hook('ROS2Attack', 'pythonpath')
[2.027s] INFO:colcon.colcon_core.shell:Creating environment hook '/home/vcs/docker_temp_ws/install/ROS2Attack/share/ROS2Attack/hook/pythonpath.ps1'
[2.027s] INFO:colcon.colcon_core.shell:Creating environment descriptor '/home/vcs/docker_temp_ws/install/ROS2Attack/share/ROS2Attack/hook/pythonpath.dsv'
[2.027s] INFO:colcon.colcon_core.shell:Creating environment hook '/home/vcs/docker_temp_ws/install/ROS2Attack/share/ROS2Attack/hook/pythonpath.sh'
[2.028s] Level 1:colcon.colcon_core.environment:checking '/home/vcs/docker_temp_ws/install/ROS2Attack/bin'
[2.028s] Level 1:colcon.colcon_core.environment:create_environment_scripts_only(ROS2Attack)
[2.028s] INFO:colcon.colcon_core.shell:Creating package script '/home/vcs/docker_temp_ws/install/ROS2Attack/share/ROS2Attack/package.ps1'
[2.029s] INFO:colcon.colcon_core.shell:Creating package descriptor '/home/vcs/docker_temp_ws/install/ROS2Attack/share/ROS2Attack/package.dsv'
[2.030s] INFO:colcon.colcon_core.shell:Creating package script '/home/vcs/docker_temp_ws/install/ROS2Attack/share/ROS2Attack/package.sh'
[2.031s] INFO:colcon.colcon_core.shell:Creating package script '/home/vcs/docker_temp_ws/install/ROS2Attack/share/ROS2Attack/package.bash'
[2.032s] INFO:colcon.colcon_core.shell:Creating package script '/home/vcs/docker_temp_ws/install/ROS2Attack/share/ROS2Attack/package.zsh'
[2.033s] Level 1:colcon.colcon_core.environment:create_file_with_runtime_dependencies(/home/vcs/docker_temp_ws/install/ROS2Attack/share/colcon-core/packages/ROS2Attack)
[2.033s] DEBUG:colcon.colcon_parallel_executor.executor.parallel:closing loop
[2.033s] DEBUG:colcon.colcon_parallel_executor.executor.parallel:loop closed
[2.034s] DEBUG:colcon.colcon_parallel_executor.executor.parallel:run_until_complete finished with '0'
[2.034s] DEBUG:colcon.colcon_core.event_reactor:joining thread
[2.120s] INFO:colcon.colcon_core.plugin_system:Skipping extension 'colcon_notification.desktop_notification.terminal_notifier': Not used on non-Darwin systems
[2.120s] INFO:colcon.colcon_core.plugin_system:Skipping extension 'colcon_notification.desktop_notification.win32': Not used on non-Windows systems
[2.120s] INFO:colcon.colcon_notification.desktop_notification:Sending desktop notification using 'notify2'
[2.156s] DEBUG:colcon.colcon_core.event_reactor:joined thread
[2.157s] INFO:colcon.colcon_core.shell:Creating prefix script '/home/vcs/docker_temp_ws/install/local_setup.ps1'
[2.159s] INFO:colcon.colcon_core.shell:Creating prefix util module '/home/vcs/docker_temp_ws/install/_local_setup_util_ps1.py'
[2.162s] INFO:colcon.colcon_core.shell:Creating prefix chain script '/home/vcs/docker_temp_ws/install/setup.ps1'
[2.166s] INFO:colcon.colcon_core.shell:Creating prefix script '/home/vcs/docker_temp_ws/install/local_setup.sh'
[2.167s] INFO:colcon.colcon_core.shell:Creating prefix util module '/home/vcs/docker_temp_ws/install/_local_setup_util_sh.py'
[2.168s] INFO:colcon.colcon_core.shell:Creating prefix chain script '/home/vcs/docker_temp_ws/install/setup.sh'
[2.172s] INFO:colcon.colcon_core.shell:Creating prefix script '/home/vcs/docker_temp_ws/install/local_setup.bash'
[2.173s] INFO:colcon.colcon_core.shell:Creating prefix chain script '/home/vcs/docker_temp_ws/install/setup.bash'
[2.176s] INFO:colcon.colcon_core.shell:Creating prefix script '/home/vcs/docker_temp_ws/install/local_setup.zsh'
[2.177s] INFO:colcon.colcon_core.shell:Creating prefix chain script '/home/vcs/docker_temp_ws/install/setup.zsh'
